# JRE version: Java(TM) SE Runtime Environment 18.9 (11.0.16.1+1) (build 11.0.16.1+1-LTS-1)
# Java VM: Java HotSpot(TM) 64-Bit Server VM 18.9 (11.0.16.1+1-LTS-1, mixed mode, tiered, compressed oops, g1 gc, windows-amd64)
Heap:
 garbage-first heap   total 131072K, used 63341K [0x0000000081400000, 0x0000000100000000)
  region size 1024K, 40 young (40960K), 5 survivors (5120K)
 Metaspace       used 49157K, capacity 49660K, committed 49872K, reserved 1093632K
  class space    used 5764K, capacity 5995K, committed 6016K, reserved 1048576K
GC Heap History (10 events):
Event: 10.890 GC heap before
{Heap before GC invocations=1 (full 0):
 garbage-first heap   total 131072K, used 26872K [0x0000000081400000, 0x0000000100000000)
  region size 1024K, 24 young (24576K), 2 survivors (2048K)
 Metaspace       used 14347K, capacity 14454K, committed 14592K, reserved 1062912K
  class space    used 1392K, capacity 1431K, committed 1536K, reserved 1048576K
}
Event: 10.898 GC heap after
{Heap after GC invocations=2 (full 0):
 garbage-first heap   total 131072K, used 7330K [0x0000000081400000, 0x0000000100000000)
  region size 1024K, 2 young (2048K), 2 survivors (2048K)
 Metaspace       used 14347K, capacity 14454K, committed 14592K, reserved 1062912K
  class space    used 1392K, capacity 1431K, committed 1536K, reserved 1048576K
}
Event: 13.221 GC heap before
{Heap before GC invocations=2 (full 0):
 garbage-first heap   total 131072K, used 30882K [0x0000000081400000, 0x0000000100000000)
  region size 1024K, 27 young (27648K), 2 survivors (2048K)
 Metaspace       used 20922K, capacity 21084K, committed 21296K, reserved 1069056K
  class space    used 2237K, capacity 2312K, committed 2432K, reserved 1048576K
}
Event: 13.234 GC heap after
{Heap after GC invocations=3 (full 0):
 garbage-first heap   total 131072K, used 9377K [0x0000000081400000, 0x0000000100000000)
  region size 1024K, 4 young (4096K), 4 survivors (4096K)
 Metaspace       used 20922K, capacity 21084K, committed 21296K, reserved 1069056K
  class space    used 2237K, capacity 2312K, committed 2432K, reserved 1048576K
}
Event: 19.253 GC heap before
{Heap before GC invocations=4 (full 0):
 garbage-first heap   total 131072K, used 44193K [0x0000000081400000, 0x0000000100000000)
  region size 1024K, 35 young (35840K), 4 survivors (4096K)
 Metaspace       used 29891K, capacity 30309K, committed 30640K, reserved 1077248K
  class space    used 3584K, capacity 3763K, committed 3840K, reserved 1048576K
}
Event: 19.267 GC heap after
{Heap after GC invocations=5 (full 0):
 garbage-first heap   total 131072K, used 15436K [0x0000000081400000, 0x0000000100000000)
  region size 1024K, 5 young (5120K), 5 survivors (5120K)
 Metaspace       used 29891K, capacity 30309K, committed 30640K, reserved 1077248K
  class space    used 3584K, capacity 3763K, committed 3840K, reserved 1048576K
}
Event: 31.103 GC heap before
{Heap before GC invocations=5 (full 0):
 garbage-first heap   total 131072K, used 49228K [0x0000000081400000, 0x0000000100000000)
  region size 1024K, 37 young (37888K), 5 survivors (5120K)
 Metaspace       used 35358K, capacity 35745K, committed 35920K, reserved 1081344K
  class space    used 4390K, capacity 4570K, committed 4608K, reserved 1048576K
}
Event: 31.121 GC heap after
{Heap after GC invocations=6 (full 0):
 garbage-first heap   total 131072K, used 20350K [0x0000000081400000, 0x0000000100000000)
  region size 1024K, 5 young (5120K), 5 survivors (5120K)
 Metaspace       used 35358K, capacity 35745K, committed 35920K, reserved 1081344K
  class space    used 4390K, capacity 4570K, committed 4608K, reserved 1048576K
}
Event: 37.941 GC heap before
{Heap before GC invocations=7 (full 0):
 garbage-first heap   total 131072K, used 63358K [0x0000000081400000, 0x0000000100000000)
  region size 1024K, 47 young (48128K), 5 survivors (5120K)
 Metaspace       used 43949K, capacity 44432K, committed 44752K, reserved 1089536K
  class space    used 5210K, capacity 5411K, committed 5504K, reserved 1048576K
}
Event: 37.960 GC heap after
{Heap after GC invocations=8 (full 0):
 garbage-first heap   total 131072K, used 25453K [0x0000000081400000, 0x0000000100000000)
  region size 1024K, 5 young (5120K), 5 survivors (5120K)
 Metaspace       used 43949K, capacity 44432K, committed 44752K, reserved 1089536K
  class space    used 5210K, capacity 5411K, committed 5504K, reserved 1048576K
}

