# JRE version: Java(TM) SE Runtime Environment 18.9 (11.0.16.1+1) (build 11.0.16.1+1-LTS-1)
# Java VM: Java HotSpot(TM) 64-Bit Server VM 18.9 (11.0.16.1+1-LTS-1, mixed mode, tiered, compressed oops, g1 gc, windows-amd64)
Heap:
 garbage-first heap   total 334848K, used 261657K [0x0000000080000000, 0x0000000100000000)
  region size 1024K, 37 young (37888K), 2 survivors (2048K)
 Metaspace       used 187002K, capacity 193269K, committed 193436K, reserved 684032K
  class space    used 24271K, capacity 26669K, committed 26700K, reserved 516096K
GC Heap History (10 events):
Event: 16872.619 GC heap before
{Heap before GC invocations=173 (full 0):
 garbage-first heap   total 334848K, used 280035K [0x0000000080000000, 0x0000000100000000)
  region size 1024K, 66 young (67584K), 9 survivors (9216K)
 Metaspace       used 176624K, capacity 182563K, committed 182684K, reserved 673792K
  class space    used 22716K, capacity 25055K, committed 25164K, reserved 516096K
}
Event: 16872.646 GC heap after
{Heap after GC invocations=174 (full 0):
 garbage-first heap   total 334848K, used 224664K [0x0000000080000000, 0x0000000100000000)
  region size 1024K, 7 young (7168K), 7 survivors (7168K)
 Metaspace       used 176624K, capacity 182563K, committed 182684K, reserved 673792K
  class space    used 22716K, capacity 25055K, committed 25164K, reserved 516096K
}
Event: 16874.539 GC heap before
{Heap before GC invocations=175 (full 0):
 garbage-first heap   total 334848K, used 280984K [0x0000000080000000, 0x0000000100000000)
  region size 1024K, 63 young (64512K), 7 survivors (7168K)
 Metaspace       used 178908K, capacity 184900K, committed 184988K, reserved 675840K
  class space    used 23063K, capacity 25353K, committed 25420K, reserved 516096K
}
Event: 16874.555 GC heap after
{Heap after GC invocations=176 (full 0):
 garbage-first heap   total 334848K, used 226910K [0x0000000080000000, 0x0000000100000000)
  region size 1024K, 4 young (4096K), 4 survivors (4096K)
 Metaspace       used 178908K, capacity 184900K, committed 184988K, reserved 675840K
  class space    used 23063K, capacity 25353K, committed 25420K, reserved 516096K
}
Event: 16877.604 GC heap before
{Heap before GC invocations=176 (full 0):
 garbage-first heap   total 334848K, used 264798K [0x0000000080000000, 0x0000000100000000)
  region size 1024K, 43 young (44032K), 4 survivors (4096K)
 Metaspace       used 180082K, capacity 186079K, committed 186268K, reserved 677888K
  class space    used 23251K, capacity 25538K, committed 25676K, reserved 516096K
}
Event: 16877.619 GC heap after
{Heap after GC invocations=177 (full 0):
 garbage-first heap   total 334848K, used 230227K [0x0000000080000000, 0x0000000100000000)
  region size 1024K, 7 young (7168K), 7 survivors (7168K)
 Metaspace       used 180082K, capacity 186079K, committed 186268K, reserved 677888K
  class space    used 23251K, capacity 25538K, committed 25676K, reserved 516096K
}
Event: 16883.787 GC heap before
{Heap before GC invocations=178 (full 0):
 garbage-first heap   total 334848K, used 284499K [0x0000000080000000, 0x0000000100000000)
  region size 1024K, 58 young (59392K), 7 survivors (7168K)
 Metaspace       used 179961K, capacity 185972K, committed 186268K, reserved 677888K
  class space    used 23255K, capacity 25564K, committed 25676K, reserved 516096K
}
Event: 16883.803 GC heap after
{Heap after GC invocations=179 (full 0):
 garbage-first heap   total 334848K, used 233855K [0x0000000080000000, 0x0000000100000000)
  region size 1024K, 6 young (6144K), 6 survivors (6144K)
 Metaspace       used 179961K, capacity 185972K, committed 186268K, reserved 677888K
  class space    used 23255K, capacity 25564K, committed 25676K, reserved 516096K
}
Event: 16884.226 GC heap before
{Heap before GC invocations=179 (full 0):
 garbage-first heap   total 334848K, used 244095K [0x0000000080000000, 0x0000000100000000)
  region size 1024K, 16 young (16384K), 6 survivors (6144K)
 Metaspace       used 180461K, capacity 186516K, committed 186780K, reserved 677888K
  class space    used 23333K, capacity 25639K, committed 25676K, reserved 516096K
}
Event: 16884.247 GC heap after
{Heap after GC invocations=180 (full 0):
 garbage-first heap   total 334848K, used 227865K [0x0000000080000000, 0x0000000100000000)
  region size 1024K, 2 young (2048K), 2 survivors (2048K)
 Metaspace       used 180461K, capacity 186516K, committed 186780K, reserved 677888K
  class space    used 23333K, capacity 25639K, committed 25676K, reserved 516096K
}

