# JRE version: Java(TM) SE Runtime Environment 18.9 (11.0.16.1+1) (build 11.0.16.1+1-LTS-1)
# Java VM: Java HotSpot(TM) 64-Bit Server VM 18.9 (11.0.16.1+1-LTS-1, mixed mode, tiered, compressed oops, g1 gc, windows-amd64)
Heap:
 garbage-first heap   total 493568K, used 389343K [0x0000000080000000, 0x0000000100000000)
  region size 1024K, 26 young (26624K), 7 survivors (7168K)
 Metaspace       used 151460K, capacity 158010K, committed 158160K, reserved 653312K
  class space    used 19154K, capacity 21617K, committed 21632K, reserved 516096K
GC Heap History (10 events):
Event: 281.507 GC heap before
{Heap before GC invocations=159 (full 0):
 garbage-first heap   total 493568K, used 380092K [0x0000000080000000, 0x0000000100000000)
  region size 1024K, 24 young (24576K), 4 survivors (4096K)
 Metaspace       used 151158K, capacity 157786K, committed 157904K, reserved 653312K
  class space    used 19143K, capacity 21597K, committed 21632K, reserved 516096K
}
Event: 281.523 GC heap after
{Heap after GC invocations=160 (full 0):
 garbage-first heap   total 493568K, used 359079K [0x0000000080000000, 0x0000000100000000)
  region size 1024K, 1 young (1024K), 1 survivors (1024K)
 Metaspace       used 151158K, capacity 157786K, committed 157904K, reserved 653312K
  class space    used 19143K, capacity 21597K, committed 21632K, reserved 516096K
}
Event: 286.580 GC heap before
{Heap before GC invocations=160 (full 0):
 garbage-first heap   total 493568K, used 400039K [0x0000000080000000, 0x0000000100000000)
  region size 1024K, 41 young (41984K), 1 survivors (1024K)
 Metaspace       used 151226K, capacity 157868K, committed 157904K, reserved 653312K
  class space    used 19145K, capacity 21601K, committed 21632K, reserved 516096K
}
Event: 286.590 GC heap after
{Heap after GC invocations=161 (full 0):
 garbage-first heap   total 493568K, used 360136K [0x0000000080000000, 0x0000000100000000)
  region size 1024K, 2 young (2048K), 2 survivors (2048K)
 Metaspace       used 151226K, capacity 157868K, committed 157904K, reserved 653312K
  class space    used 19145K, capacity 21601K, committed 21632K, reserved 516096K
}
Event: 287.728 GC heap before
{Heap before GC invocations=161 (full 0):
 garbage-first heap   total 493568K, used 403144K [0x0000000080000000, 0x0000000100000000)
  region size 1024K, 45 young (46080K), 2 survivors (2048K)
 Metaspace       used 151302K, capacity 157876K, committed 158160K, reserved 653312K
  class space    used 19146K, capacity 21602K, committed 21632K, reserved 516096K
}
Event: 287.737 GC heap after
{Heap after GC invocations=162 (full 0):
 garbage-first heap   total 493568K, used 361101K [0x0000000080000000, 0x0000000100000000)
  region size 1024K, 3 young (3072K), 3 survivors (3072K)
 Metaspace       used 151302K, capacity 157876K, committed 158160K, reserved 653312K
  class space    used 19146K, capacity 21602K, committed 21632K, reserved 516096K
}
Event: 288.894 GC heap before
{Heap before GC invocations=162 (full 0):
 garbage-first heap   total 493568K, used 406157K [0x0000000080000000, 0x0000000100000000)
  region size 1024K, 48 young (49152K), 3 survivors (3072K)
 Metaspace       used 151350K, capacity 157902K, committed 158160K, reserved 653312K
  class space    used 19148K, capacity 21606K, committed 21632K, reserved 516096K
}
Event: 288.905 GC heap after
{Heap after GC invocations=163 (full 0):
 garbage-first heap   total 493568K, used 363574K [0x0000000080000000, 0x0000000100000000)
  region size 1024K, 5 young (5120K), 5 survivors (5120K)
 Metaspace       used 151350K, capacity 157902K, committed 158160K, reserved 653312K
  class space    used 19148K, capacity 21606K, committed 21632K, reserved 516096K
}
Event: 292.295 GC heap before
{Heap before GC invocations=163 (full 0):
 garbage-first heap   total 493568K, used 413750K [0x0000000080000000, 0x0000000100000000)
  region size 1024K, 52 young (53248K), 5 survivors (5120K)
 Metaspace       used 151420K, capacity 158010K, committed 158160K, reserved 653312K
  class space    used 19154K, capacity 21617K, committed 21632K, reserved 516096K
}
Event: 292.324 GC heap after
{Heap after GC invocations=164 (full 0):
 garbage-first heap   total 493568K, used 370911K [0x0000000080000000, 0x0000000100000000)
  region size 1024K, 7 young (7168K), 7 survivors (7168K)
 Metaspace       used 151420K, capacity 158010K, committed 158160K, reserved 653312K
  class space    used 19154K, capacity 21617K, committed 21632K, reserved 516096K
}

